  cJson.c
E:\nutFile\学习资料\业余\programing\Github_repo\cJSON\cJson.c(18,14): warning C4090: “return”: 不同的“const”限定符
E:\nutFile\学习资料\业余\programing\Github_repo\cJSON\cJson.c(152,40): warning C4244: “=”: 从“double”转换到“int”，可能丢失数据
E:\nutFile\学习资料\业余\programing\Github_repo\cJSON\cJson.c(360,18): warning C4996: 'strcpy': This function or variable may be unsafe. Consider using strcpy_s instead. To disable deprecation, use _CRT_SECURE_NO_WARNINGS. See online help for details.
E:\nutFile\学习资料\业余\programing\Github_repo\cJSON\cJson.c(367,18): warning C4996: 'sprintf': This function or variable may be unsafe. Consider using sprintf_s instead. To disable deprecation, use _CRT_SECURE_NO_WARNINGS. See online help for details.
E:\nutFile\学习资料\业余\programing\Github_repo\cJSON\cJson.c(375,76): warning C4996: 'sprintf': This function or variable may be unsafe. Consider using sprintf_s instead. To disable deprecation, use _CRT_SECURE_NO_WARNINGS. See online help for details.
E:\nutFile\学习资料\业余\programing\Github_repo\cJSON\cJson.c(376,57): warning C4996: 'sprintf': This function or variable may be unsafe. Consider using sprintf_s instead. To disable deprecation, use _CRT_SECURE_NO_WARNINGS. See online help for details.
E:\nutFile\学习资料\业余\programing\Github_repo\cJSON\cJson.c(377,20): warning C4996: 'sprintf': This function or variable may be unsafe. Consider using sprintf_s instead. To disable deprecation, use _CRT_SECURE_NO_WARNINGS. See online help for details.
E:\nutFile\学习资料\业余\programing\Github_repo\cJSON\cJson.c(386,1): warning C4029: 声明的形参表不同于定义
E:\nutFile\学习资料\业余\programing\Github_repo\cJSON\cJson.c(401,19): warning C4244: “=”: 从“__int64”转换到“int”，可能丢失数据
E:\nutFile\学习资料\业余\programing\Github_repo\cJSON\cJson.c(407,9): warning C4996: 'strcpy': This function or variable may be unsafe. Consider using strcpy_s instead. To disable deprecation, use _CRT_SECURE_NO_WARNINGS. See online help for details.
E:\nutFile\学习资料\业余\programing\Github_repo\cJSON\cJson.c(419,9): warning C4996: 'strcpy': This function or variable may be unsafe. Consider using strcpy_s instead. To disable deprecation, use _CRT_SECURE_NO_WARNINGS. See online help for details.
E:\nutFile\学习资料\业余\programing\Github_repo\cJSON\cJson.c(457,17): warning C4996: 'sprintf': This function or variable may be unsafe. Consider using sprintf_s instead. To disable deprecation, use _CRT_SECURE_NO_WARNINGS. See online help for details.
E:\nutFile\学习资料\业余\programing\Github_repo\cJSON\cJson.c(503,43): warning C4267: “+=”: 从“size_t”转换到“int”，可能丢失数据
E:\nutFile\学习资料\业余\programing\Github_repo\cJSON\cJson.c(531,25): warning C4267: “=”: 从“size_t”转换到“int”，可能丢失数据
E:\nutFile\学习资料\业余\programing\Github_repo\cJSON\cJson.c(490,18): warning C4996: 'strcpy': This function or variable may be unsafe. Consider using strcpy_s instead. To disable deprecation, use _CRT_SECURE_NO_WARNINGS. See online help for details.
E:\nutFile\学习资料\业余\programing\Github_repo\cJSON\cJson.c(607,64): warning C4267: “+=”: 从“size_t”转换到“int”，可能丢失数据
E:\nutFile\学习资料\业余\programing\Github_repo\cJSON\cJson.c(641,25): warning C4267: “=”: 从“size_t”转换到“int”，可能丢失数据
E:\nutFile\学习资料\业余\programing\Github_repo\cJSON\cJson.c(647,9): warning C4996: 'strcpy': This function or variable may be unsafe. Consider using strcpy_s instead. To disable deprecation, use _CRT_SECURE_NO_WARNINGS. See online help for details.
E:\nutFile\学习资料\业余\programing\Github_repo\cJSON\cJson.c(857,58): warning C4047: “函数”:“const char *”与“int”的间接级别不同
E:\nutFile\学习资料\业余\programing\Github_repo\cJSON\cJson.c(857,53): warning C4024: “cJSON_DetachItemFromObject”: 形参和实参 2 的类型不同
  example.c
E:\nutFile\学习资料\业余\programing\Github_repo\cJSON\example.c(33,6): warning C4013: “free”未定义；假设外部返回 int
  正在生成代码...
  cJson解析器项目.vcxproj -> E:\nutFile\学习资料\业余\programing\Github_repo\cJSON\cJson解析器项目\x64\Debug\cJson解析器项目.exe
